# JRE version: Java(TM) SE Runtime Environment (8.0_20-b26) (build 1.8.0_20-b26)
# Java VM: Java HotSpot(TM) Client VM (25.20-b23 mixed mode, sharing windows-x86 )
Heap:
 def new generation   total 6208K, used 2872K [0x04a00000, 0x050b0000, 0x09f50000)
  eden space 5568K,  41% used [0x04a00000, 0x04c48368, 0x04f70000)
  from space 640K,  83% used [0x05010000, 0x05095f50, 0x050b0000)
  to   space 640K,   0% used [0x04f70000, 0x04f70000, 0x05010000)
 tenured generation   total 13600K, used 10971K [0x09f50000, 0x0ac98000, 0x14a00000)
   the space 13600K,  80% used [0x09f50000, 0x0aa06db0, 0x0aa06e00, 0x0ac98000)
 Metaspace       used 8829K, capacity 9820K, committed 9856K, reserved 10624K
GC Heap History (10 events):
Event: 75.731 GC heap before
{Heap before GC invocations=32 (full 2):
 def new generation   total 6208K, used 5433K [0x04a00000, 0x050b0000, 0x09f50000)
  eden space 5568K,  97% used [0x04a00000, 0x04f4e438, 0x04f70000)
  from space 640K,   0% used [0x04f70000, 0x04f70000, 0x05010000)
  to   space 640K,   0% used [0x05010000, 0x05010000, 0x050b0000)
 tenured generation   total 13600K, used 8187K [0x09f50000, 0x0ac98000, 0x14a00000)
   the space 13600K,  60% used [0x09f50000, 0x0a74ede0, 0x0a74ee00, 0x0ac98000)
 Metaspace       used 8829K, capacity 9820K, committed 9856K, reserved 10624K
Event: 75.733 GC heap after
Heap after GC invocations=33 (full 2):
 def new generation   total 6208K, used 604K [0x04a00000, 0x050b0000, 0x09f50000)
  eden space 5568K,   0% used [0x04a00000, 0x04a00000, 0x04f70000)
  from space 640K,  94% used [0x05010000, 0x050a70a0, 0x050b0000)
  to   space 640K,   0% used [0x04f70000, 0x04f70000, 0x05010000)
 tenured generation   total 13600K, used 8862K [0x09f50000, 0x0ac98000, 0x14a00000)
   the space 13600K,  65% used [0x09f50000, 0x0a7f7a10, 0x0a7f7c00, 0x0ac98000)
 Metaspace       used 8829K, capacity 9820K, committed 9856K, reserved 10624K
}
Event: 75.907 GC heap before
{Heap before GC invocations=33 (full 2):
 def new generation   total 6208K, used 6000K [0x04a00000, 0x050b0000, 0x09f50000)
  eden space 5568K,  96% used [0x04a00000, 0x04f450b8, 0x04f70000)
  from space 640K,  94% used [0x05010000, 0x050a70a0, 0x050b0000)
  to   space 640K,   0% used [0x04f70000, 0x04f70000, 0x05010000)
 tenured generation   total 13600K, used 8862K [0x09f50000, 0x0ac98000, 0x14a00000)
   the space 13600K,  65% used [0x09f50000, 0x0a7f7a10, 0x0a7f7c00, 0x0ac98000)
 Metaspace       used 8829K, capacity 9820K, committed 9856K, reserved 10624K
Event: 75.908 GC heap after
Heap after GC invocations=34 (full 2):
 def new generation   total 6208K, used 529K [0x04a00000, 0x050b0000, 0x09f50000)
  eden space 5568K,   0% used [0x04a00000, 0x04a00000, 0x04f70000)
  from space 640K,  82% used [0x04f70000, 0x04ff4790, 0x05010000)
  to   space 640K,   0% used [0x05010000, 0x05010000, 0x050b0000)
 tenured generation   total 13600K, used 9388K [0x09f50000, 0x0ac98000, 0x14a00000)
   the space 13600K,  69% used [0x09f50000, 0x0a87b388, 0x0a87b400, 0x0ac98000)
 Metaspace       used 8829K, capacity 9820K, committed 9856K, reserved 10624K
}
Event: 76.104 GC heap before
{Heap before GC invocations=34 (full 2):
 def new generation   total 6208K, used 5910K [0x04a00000, 0x050b0000, 0x09f50000)
  eden space 5568K,  96% used [0x04a00000, 0x04f411f0, 0x04f70000)
  from space 640K,  82% used [0x04f70000, 0x04ff4790, 0x05010000)
  to   space 640K,   0% used [0x05010000, 0x05010000, 0x050b0000)
 tenured generation   total 13600K, used 9388K [0x09f50000, 0x0ac98000, 0x14a00000)
   the space 13600K,  69% used [0x09f50000, 0x0a87b388, 0x0a87b400, 0x0ac98000)
 Metaspace       used 8829K, capacity 9820K, committed 9856K, reserved 10624K
Event: 76.105 GC heap after
Heap after GC invocations=35 (full 2):
 def new generation   total 6208K, used 604K [0x04a00000, 0x050b0000, 0x09f50000)
  eden space 5568K,   0% used [0x04a00000, 0x04a00000, 0x04f70000)
  from space 640K,  94% used [0x05010000, 0x050a73b0, 0x050b0000)
  to   space 640K,   0% used [0x04f70000, 0x04f70000, 0x05010000)
 tenured generation   total 13600K, used 10140K [0x09f50000, 0x0ac98000, 0x14a00000)
   the space 13600K,  74% used [0x09f50000, 0x0a9372b0, 0x0a937400, 0x0ac98000)
 Metaspace       used 8829K, capacity 9820K, committed 9856K, reserved 10624K
}
Event: 76.262 GC heap before
{Heap before GC invocations=35 (full 2):
 def new generation   total 6208K, used 5980K [0x04a00000, 0x050b0000, 0x09f50000)
  eden space 5568K,  96% used [0x04a00000, 0x04f3fc68, 0x04f70000)
  from space 640K,  94% used [0x05010000, 0x050a73b0, 0x050b0000)
  to   space 640K,   0% used [0x04f70000, 0x04f70000, 0x05010000)
 tenured generation   total 13600K, used 10140K [0x09f50000, 0x0ac98000, 0x14a00000)
   the space 13600K,  74% used [0x09f50000, 0x0a9372b0, 0x0a937400, 0x0ac98000)
 Metaspace       used 8829K, capacity 9820K, committed 9856K, reserved 10624K
Event: 76.263 GC heap after
Heap after GC invocations=36 (full 2):
 def new generation   total 6208K, used 531K [0x04a00000, 0x050b0000, 0x09f50000)
  eden space 5568K,   0% used [0x04a00000, 0x04a00000, 0x04f70000)
  from space 640K,  83% used [0x04f70000, 0x04ff4ce0, 0x05010000)
  to   space 640K,   0% used [0x05010000, 0x05010000, 0x050b0000)
 tenured generation   total 13600K, used 10442K [0x09f50000, 0x0ac98000, 0x14a00000)
   the space 13600K,  76% used [0x09f50000, 0x0a982978, 0x0a982a00, 0x0ac98000)
 Metaspace       used 8829K, capacity 9820K, committed 9856K, reserved 10624K
}
Event: 76.419 GC heap before
{Heap before GC invocations=36 (full 2):
 def new generation   total 6208K, used 5828K [0x04a00000, 0x050b0000, 0x09f50000)
  eden space 5568K,  95% used [0x04a00000, 0x04f2c628, 0x04f70000)
  from space 640K,  83% used [0x04f70000, 0x04ff4ce0, 0x05010000)
  to   space 640K,   0% used [0x05010000, 0x05010000, 0x050b0000)
 tenured generation   total 13600K, used 10442K [0x09f50000, 0x0ac98000, 0x14a00000)
   the space 13600K,  76% used [0x09f50000, 0x0a982978, 0x0a982a00, 0x0ac98000)
 Metaspace       used 8829K, capacity 9820K, committed 9856K, reserved 10624K
Event: 76.420 GC heap after
Heap after GC invocations=37 (full 2):
 def new generation   total 6208K, used 535K [0x04a00000, 0x050b0000, 0x09f50000)
  eden space 5568K,   0% used [0x04a00000, 0x04a00000, 0x04f70000)
  from space 640K,  83% used [0x05010000, 0x05095f50, 0x050b0000)
  to   space 640K,   0% used [0x04f70000, 0x04f70000, 0x05010000)
 tenured generation   total 13600K, used 10971K [0x09f50000, 0x0ac98000, 0x14a00000)
   the space 13600K,  80% used [0x09f50000, 0x0aa06db0, 0x0aa06e00, 0x0ac98000)
 Metaspace       used 8829K, capacity 9820K, committed 9856K, reserved 10624K
}

